#-----------------------------------------------------------
# Vivado v2024.2 (64-bit)
# SW Build 5239630 on Fri Nov 08 22:35:27 MST 2024
# IP Build 5239520 on Sun Nov 10 16:12:51 MST 2024
# SharedData Build 5239561 on Fri Nov 08 14:39:27 MST 2024
# Start of session at: Thu Feb 27 16:09:17 2025
# Process ID         : 28040
# Current directory  : C:/Users/ferra/RUNNINGFILES/Verilog/Verilog-2025/MIPS-CPU/MIPS_CPU
# Command line       : vivado.exe -gui_launcher_event rodinguilauncherevent22304 C:\Users\ferra\RUNNINGFILES\Verilog\Verilog-2025\MIPS-CPU\MIPS_CPU\MIPS-CPU.xpr
# Log file           : C:/Users/ferra/RUNNINGFILES/Verilog/Verilog-2025/MIPS-CPU/MIPS_CPU/vivado.log
# Journal file       : C:/Users/ferra/RUNNINGFILES/Verilog/Verilog-2025/MIPS-CPU/MIPS_CPU\vivado.jou
# Running On         : DESKTOP-FGS7KH7
# Platform           : Windows Server 2016 or Windows 10
# Operating System   : 22631
# Processor Detail   : 11th Gen Intel(R) Core(TM) i7-1165G7 @ 2.80GHz
# CPU Frequency      : 1690 MHz
# CPU Physical cores : 4
# CPU Logical cores  : 8
# Host memory        : 16889 MB
# Swap memory        : 7802 MB
# Total Virtual      : 24691 MB
# Available Virtual  : 3562 MB
#-----------------------------------------------------------
start_guioopen_project C:/Users/ferra/RUNNINGFILES/Verilog/Verilog-2025/MIPS-CPU/MIPS_CPU/MIPS-CPU.xpr
INFO: [Project 1-313] Project file moved from 'C:/Users/ferra/RUNNINGFILES/Verilog/Verilog-2025/MIPS-CPU' since last save.
INFO: [filemgmt 56-3] Default IP Output Path : Could not find the directory 'C:/Users/ferra/RUNNINGFILES/Verilog/Verilog-2025/MIPS-CPU/MIPS_CPU/MIPS-CPU.gen/sources_1'.
Scanning sources...
Finished scanning sources
INFO: [IP_Flow 19-234] Refreshing IP repositories
INFO: [IP_Flow 19-1704] No user IP repositories specified
INFO: [IP_Flow 19-2313] Loaded Vivado IP repository 'C:/Vivado/Vivado/2024.2/data/ip'.
open_project: Time (s): cpu = 00:00:03 ; elapsed = 00:00:09 . Memory (MB): peak = 1203.316 ; gain = 81.578
update_compile_order -fileset sources_1
exit
INFO: [Common 17-206] Exiting Vivado at Thu Feb 27 16:10:05 2025...
